2026-04-08 10:17:10 | INFO     | app.api.api_v1.endpoints.tickets:create_ticket:23 - Menerima permintaan pembuatan tiket dari: useranjay@gmail.com
2026-04-08 10:17:13 | SUCCESS  | app.api.api_v1.endpoints.tickets:create_ticket:37 - Tiket #5 berhasil disimpan di database Supabase.
2026-04-08 10:17:13 | ERROR    | app.services.email_service:send_ticket_notification:25 - Gagal mengirim email untuk tiket #5: 'Settings' object has no attribute 'MAIL_FROM'
2026-04-23 14:33:19 | INFO     | app.api.api_v1.endpoints.tickets:read_tickets:59 - Admin mengakses seluruh daftar tiket.
2026-04-23 14:33:24 | INFO     | app.api.api_v1.endpoints.tickets:read_tickets:59 - Admin mengakses seluruh daftar tiket.
2026-04-23 14:33:25 | INFO     | app.api.api_v1.endpoints.tickets:read_tickets:59 - Admin mengakses seluruh daftar tiket.
2026-04-25 21:25:37 | INFO     | app.api.api_v1.endpoints.analytics:get_dashboard_summary:27 - Admin dengan ID 62f208e2-ab42-4162-a506-fe4f621d0a6f sedang mengakses data Analytics Dashboard.
2026-04-25 21:27:05 | INFO     | app.api.api_v1.endpoints.analytics:get_dashboard_summary:27 - Admin dengan ID f1f171cb-1e8a-475a-84c1-827bbdca1bcb sedang mengakses data Analytics Dashboard.
2026-04-25 21:46:30 | INFO     | app.api.api_v1.endpoints.analytics:get_dashboard_summary:27 - Admin dengan ID f1f171cb-1e8a-475a-84c1-827bbdca1bcb sedang mengakses data Analytics Dashboard.
2026-04-25 21:53:23 | INFO     | app.api.api_v1.endpoints.analytics:get_dashboard_summary:27 - Admin dengan ID f1f171cb-1e8a-475a-84c1-827bbdca1bcb sedang mengakses data Analytics Dashboard.
2026-04-25 21:54:49 | INFO     | app.api.api_v1.endpoints.analytics:get_dashboard_summary:27 - Admin dengan ID f1f171cb-1e8a-475a-84c1-827bbdca1bcb sedang mengakses data Analytics Dashboard.
2026-04-25 21:56:22 | INFO     | app.api.api_v1.endpoints.analytics:get_dashboard_summary:27 - Admin dengan ID f1f171cb-1e8a-475a-84c1-827bbdca1bcb sedang mengakses data Analytics Dashboard.
2026-04-25 22:01:43 | INFO     | app.api.api_v1.endpoints.analytics:get_dashboard_summary:27 - Admin dengan ID f1f171cb-1e8a-475a-84c1-827bbdca1bcb sedang mengakses data Analytics Dashboard.
2026-04-25 22:01:45 | INFO     | app.services.email_service:send_analytics_report_email:191 - Email laporan analytics berhasil dikirim ke dzikrifivr@gmail.com
2026-04-25 22:03:52 | INFO     | app.api.api_v1.endpoints.analytics:get_dashboard_summary:27 - Admin dengan ID f1f171cb-1e8a-475a-84c1-827bbdca1bcb sedang mengakses data Analytics Dashboard.
2026-04-25 22:03:53 | INFO     | app.services.email_service:send_analytics_report_email:132 - Email laporan analytics berhasil dikirim ke dzikrifivr@gmail.com
2026-05-06 13:18:25 | INFO     | app.api.api_v1.endpoints.analytics:get_dashboard_summary:30 - Admin adminbe@epsolve.com mengakses Analytics Dashboard (Periode: 3m).
2026-05-06 13:18:25 | ERROR    | app.api.api_v1.endpoints.analytics:get_dashboard_summary:191 - Gagal mengambil data analytics: 'Ticket' object has no attribute 'updated_at'
2026-05-06 13:18:26 | INFO     | app.api.api_v1.endpoints.analytics:get_dashboard_summary:30 - Admin adminbe@epsolve.com mengakses Analytics Dashboard (Periode: 3m).
2026-05-06 13:18:26 | ERROR    | app.api.api_v1.endpoints.analytics:get_dashboard_summary:191 - Gagal mengambil data analytics: 'Ticket' object has no attribute 'updated_at'
2026-05-06 13:18:31 | INFO     | app.api.api_v1.endpoints.analytics:get_dashboard_summary:30 - Admin adminbe@epsolve.com mengakses Analytics Dashboard (Periode: 3m).
2026-05-06 13:18:32 | ERROR    | app.api.api_v1.endpoints.analytics:get_dashboard_summary:191 - Gagal mengambil data analytics: 'Ticket' object has no attribute 'updated_at'
2026-05-06 13:18:32 | INFO     | app.api.api_v1.endpoints.analytics:get_dashboard_summary:30 - Admin adminbe@epsolve.com mengakses Analytics Dashboard (Periode: 3m).
2026-05-06 13:18:33 | ERROR    | app.api.api_v1.endpoints.analytics:get_dashboard_summary:191 - Gagal mengambil data analytics: 'Ticket' object has no attribute 'updated_at'
2026-05-06 13:22:40 | INFO     | app.api.api_v1.endpoints.analytics:get_dashboard_summary:30 - Admin adminbe@epsolve.com mengakses Analytics Dashboard (Periode: 3m).
2026-05-06 13:22:41 | ERROR    | app.api.api_v1.endpoints.analytics:get_dashboard_summary:191 - Gagal mengambil data analytics: can't subtract offset-naive and offset-aware datetimes
2026-05-06 13:22:41 | INFO     | app.api.api_v1.endpoints.analytics:get_dashboard_summary:30 - Admin adminbe@epsolve.com mengakses Analytics Dashboard (Periode: 3m).
2026-05-06 13:22:42 | ERROR    | app.api.api_v1.endpoints.analytics:get_dashboard_summary:191 - Gagal mengambil data analytics: can't subtract offset-naive and offset-aware datetimes
2026-05-06 13:22:43 | INFO     | app.api.api_v1.endpoints.analytics:get_dashboard_summary:30 - Admin adminbe@epsolve.com mengakses Analytics Dashboard (Periode: 7d).
2026-05-06 13:22:44 | ERROR    | app.api.api_v1.endpoints.analytics:get_dashboard_summary:191 - Gagal mengambil data analytics: can't subtract offset-naive and offset-aware datetimes
2026-05-06 13:22:45 | INFO     | app.api.api_v1.endpoints.analytics:get_dashboard_summary:30 - Admin adminbe@epsolve.com mengakses Analytics Dashboard (Periode: 30d).
2026-05-06 13:22:45 | ERROR    | app.api.api_v1.endpoints.analytics:get_dashboard_summary:191 - Gagal mengambil data analytics: can't subtract offset-naive and offset-aware datetimes
2026-05-06 13:22:46 | INFO     | app.api.api_v1.endpoints.analytics:get_dashboard_summary:30 - Admin adminbe@epsolve.com mengakses Analytics Dashboard (Periode: 3m).
2026-05-06 13:22:47 | ERROR    | app.api.api_v1.endpoints.analytics:get_dashboard_summary:191 - Gagal mengambil data analytics: can't subtract offset-naive and offset-aware datetimes
2026-05-06 13:22:48 | INFO     | app.api.api_v1.endpoints.analytics:get_dashboard_summary:30 - Admin adminbe@epsolve.com mengakses Analytics Dashboard (Periode: 3m).
2026-05-06 13:22:49 | ERROR    | app.api.api_v1.endpoints.analytics:get_dashboard_summary:191 - Gagal mengambil data analytics: can't subtract offset-naive and offset-aware datetimes
2026-05-06 13:22:49 | INFO     | app.api.api_v1.endpoints.analytics:get_dashboard_summary:30 - Admin adminbe@epsolve.com mengakses Analytics Dashboard (Periode: 3m).
2026-05-06 13:22:50 | ERROR    | app.api.api_v1.endpoints.analytics:get_dashboard_summary:191 - Gagal mengambil data analytics: can't subtract offset-naive and offset-aware datetimes
2026-05-06 13:27:22 | INFO     | app.api.api_v1.endpoints.analytics:get_dashboard_summary:30 - Admin adminbe@epsolve.com mengakses Analytics Dashboard (Periode: 3m).
2026-05-06 13:27:25 | INFO     | app.api.api_v1.endpoints.analytics:get_dashboard_summary:30 - Admin adminbe@epsolve.com mengakses Analytics Dashboard (Periode: 3m).
2026-05-06 13:27:35 | INFO     | app.api.api_v1.endpoints.analytics:get_dashboard_summary:30 - Admin adminbe@epsolve.com mengakses Analytics Dashboard (Periode: 7d).
2026-05-06 13:27:48 | INFO     | app.api.api_v1.endpoints.analytics:get_dashboard_summary:30 - Admin adminbe@epsolve.com mengakses Analytics Dashboard (Periode: 3m).
2026-05-06 13:27:55 | INFO     | app.api.api_v1.endpoints.analytics:get_dashboard_summary:30 - Admin adminbe@epsolve.com mengakses Analytics Dashboard (Periode: 7d).
2026-05-06 13:28:09 | INFO     | app.api.api_v1.endpoints.analytics:get_dashboard_summary:30 - Admin adminbe@epsolve.com mengakses Analytics Dashboard (Periode: 3m).
2026-05-06 13:28:35 | INFO     | app.api.api_v1.endpoints.analytics:get_dashboard_summary:30 - Admin adminbe@epsolve.com mengakses Analytics Dashboard (Periode: 30d).
2026-05-06 13:28:39 | INFO     | app.api.api_v1.endpoints.analytics:get_dashboard_summary:30 - Admin adminbe@epsolve.com mengakses Analytics Dashboard (Periode: 7d).
2026-05-06 13:28:49 | INFO     | app.api.api_v1.endpoints.analytics:get_dashboard_summary:30 - Admin adminbe@epsolve.com mengakses Analytics Dashboard (Periode: 3m).
2026-05-06 13:30:33 | INFO     | app.api.api_v1.endpoints.analytics:get_dashboard_summary:30 - Admin adminbe@epsolve.com mengakses Analytics Dashboard (Periode: 7d).
2026-05-06 13:30:36 | INFO     | app.api.api_v1.endpoints.analytics:get_dashboard_summary:30 - Admin adminbe@epsolve.com mengakses Analytics Dashboard (Periode: 3m).
2026-05-06 13:31:44 | INFO     | app.api.api_v1.endpoints.analytics:get_dashboard_summary:30 - Admin adminbe@epsolve.com mengakses Analytics Dashboard (Periode: 7d).
2026-05-06 13:31:50 | INFO     | app.api.api_v1.endpoints.analytics:get_dashboard_summary:30 - Admin adminbe@epsolve.com mengakses Analytics Dashboard (Periode: 3m).
2026-05-06 13:31:54 | INFO     | app.api.api_v1.endpoints.analytics:get_dashboard_summary:30 - Admin adminbe@epsolve.com mengakses Analytics Dashboard (Periode: 7d).
2026-05-06 13:32:41 | INFO     | app.api.api_v1.endpoints.analytics:get_dashboard_summary:30 - Admin adminbe@epsolve.com mengakses Analytics Dashboard (Periode: 3m).
2026-05-06 13:33:43 | INFO     | app.api.api_v1.endpoints.analytics:get_dashboard_summary:30 - Admin adminbe@epsolve.com mengakses Analytics Dashboard (Periode: 7d).
2026-05-06 13:36:04 | INFO     | app.api.api_v1.endpoints.analytics:get_dashboard_summary:30 - Admin adminbe@epsolve.com mengakses Analytics Dashboard (Periode: 3m).
2026-05-06 13:37:03 | INFO     | app.api.api_v1.endpoints.analytics:get_dashboard_summary:30 - Admin adminbe@epsolve.com mengakses Analytics Dashboard (Periode: 3m).
2026-05-06 13:37:06 | INFO     | app.api.api_v1.endpoints.analytics:get_dashboard_summary:30 - Admin adminbe@epsolve.com mengakses Analytics Dashboard (Periode: 3m).
2026-05-06 13:37:12 | INFO     | app.api.api_v1.endpoints.analytics:get_dashboard_summary:30 - Admin adminbe@epsolve.com mengakses Analytics Dashboard (Periode: 7d).
2026-05-06 13:37:27 | INFO     | app.api.api_v1.endpoints.analytics:get_dashboard_summary:30 - Admin adminbe@epsolve.com mengakses Analytics Dashboard (Periode: 3m).
2026-05-06 13:37:30 | INFO     | app.api.api_v1.endpoints.analytics:get_dashboard_summary:30 - Admin adminbe@epsolve.com mengakses Analytics Dashboard (Periode: 7d).
2026-05-06 13:38:00 | INFO     | app.api.api_v1.endpoints.analytics:get_dashboard_summary:30 - Admin adminbe@epsolve.com mengakses Analytics Dashboard (Periode: 3m).
2026-05-06 13:38:04 | INFO     | app.api.api_v1.endpoints.analytics:get_dashboard_summary:30 - Admin adminbe@epsolve.com mengakses Analytics Dashboard (Periode: 30d).
2026-05-06 13:38:11 | INFO     | app.api.api_v1.endpoints.analytics:get_dashboard_summary:30 - Admin adminbe@epsolve.com mengakses Analytics Dashboard (Periode: 3m).
2026-05-06 13:38:31 | INFO     | app.api.api_v1.endpoints.analytics:get_dashboard_summary:30 - Admin adminbe@epsolve.com mengakses Analytics Dashboard (Periode: 7d).
2026-05-06 13:38:41 | INFO     | app.api.api_v1.endpoints.analytics:get_dashboard_summary:30 - Admin adminbe@epsolve.com mengakses Analytics Dashboard (Periode: 3m).
2026-05-06 13:38:53 | INFO     | app.api.api_v1.endpoints.analytics:get_dashboard_summary:30 - Admin adminbe@epsolve.com mengakses Analytics Dashboard (Periode: 7d).
2026-05-06 13:40:33 | INFO     | app.api.api_v1.endpoints.analytics:get_dashboard_summary:30 - Admin adminbe@epsolve.com mengakses Analytics Dashboard (Periode: 3m).
2026-05-06 13:56:18 | INFO     | app.api.api_v1.endpoints.analytics:get_dashboard_summary:30 - Admin adminbe@epsolve.com mengakses Analytics Dashboard (Periode: 3m).
2026-05-06 13:56:21 | INFO     | app.api.api_v1.endpoints.analytics:get_dashboard_summary:30 - Admin adminbe@epsolve.com mengakses Analytics Dashboard (Periode: 3m).
2026-05-06 13:56:27 | INFO     | app.api.api_v1.endpoints.analytics:get_dashboard_summary:30 - Admin adminbe@epsolve.com mengakses Analytics Dashboard (Periode: 7d).
2026-05-06 13:58:06 | INFO     | app.api.api_v1.endpoints.analytics:get_dashboard_summary:30 - Admin adminbe@epsolve.com mengakses Analytics Dashboard (Periode: 3m).
2026-05-06 13:58:10 | INFO     | app.api.api_v1.endpoints.analytics:get_dashboard_summary:30 - Admin adminbe@epsolve.com mengakses Analytics Dashboard (Periode: 3m).
2026-05-06 13:58:13 | INFO     | app.api.api_v1.endpoints.analytics:get_dashboard_summary:30 - Admin adminbe@epsolve.com mengakses Analytics Dashboard (Periode: 3m).
2026-05-06 13:58:15 | INFO     | app.api.api_v1.endpoints.analytics:get_dashboard_summary:30 - Admin adminbe@epsolve.com mengakses Analytics Dashboard (Periode: 3m).
2026-05-06 14:35:27 | INFO     | app.api.api_v1.endpoints.analytics:save_auto_report_settings:57 - Auto-report setting diperbarui oleh adminbe@epsolve.com: period=off, email=
2026-05-06 14:35:34 | INFO     | app.api.api_v1.endpoints.analytics:save_auto_report_settings:57 - Auto-report setting diperbarui oleh adminbe@epsolve.com: period=3m, email=andhikap2323@gmail.com
2026-05-06 14:35:37 | INFO     | app.api.api_v1.endpoints.analytics:save_auto_report_settings:57 - Auto-report setting diperbarui oleh adminbe@epsolve.com: period=off, email=andhikap2323@gmail.com
2026-05-06 14:36:19 | INFO     | app.api.api_v1.endpoints.analytics:get_dashboard_summary:70 - Admin adminbe@epsolve.com mengakses Analytics Dashboard (Periode: 7d).
2026-05-06 14:36:28 | INFO     | app.api.api_v1.endpoints.analytics:get_dashboard_summary:70 - Admin adminbe@epsolve.com mengakses Analytics Dashboard (Periode: 3m).
2026-05-06 14:38:34 | INFO     | app.api.api_v1.endpoints.analytics:get_dashboard_summary:70 - Admin adminbe@epsolve.com mengakses Analytics Dashboard (Periode: 30d).
2026-05-06 14:38:54 | INFO     | app.api.api_v1.endpoints.analytics:get_dashboard_summary:70 - Admin adminbe@epsolve.com mengakses Analytics Dashboard (Periode: 3m).
2026-05-06 14:39:31 | INFO     | app.api.api_v1.endpoints.analytics:get_dashboard_summary:70 - Admin adminbe@epsolve.com mengakses Analytics Dashboard (Periode: 7d).
2026-05-06 14:39:36 | INFO     | app.api.api_v1.endpoints.analytics:get_dashboard_summary:70 - Admin adminbe@epsolve.com mengakses Analytics Dashboard (Periode: 3m).
2026-05-06 14:39:43 | INFO     | app.api.api_v1.endpoints.analytics:get_dashboard_summary:70 - Admin adminbe@epsolve.com mengakses Analytics Dashboard (Periode: 7d).
2026-05-06 14:39:46 | INFO     | app.api.api_v1.endpoints.analytics:get_dashboard_summary:70 - Admin adminbe@epsolve.com mengakses Analytics Dashboard (Periode: 3m).
2026-05-06 14:39:51 | INFO     | app.api.api_v1.endpoints.analytics:get_dashboard_summary:70 - Admin adminbe@epsolve.com mengakses Analytics Dashboard (Periode: 7d).
2026-05-06 14:39:55 | INFO     | app.api.api_v1.endpoints.analytics:get_dashboard_summary:70 - Admin adminbe@epsolve.com mengakses Analytics Dashboard (Periode: 3m).
2026-05-06 14:40:02 | INFO     | app.api.api_v1.endpoints.analytics:get_dashboard_summary:70 - Admin adminbe@epsolve.com mengakses Analytics Dashboard (Periode: 3m).
2026-05-06 14:40:05 | INFO     | app.api.api_v1.endpoints.analytics:get_dashboard_summary:70 - Admin adminbe@epsolve.com mengakses Analytics Dashboard (Periode: 3m).
2026-05-06 14:40:16 | INFO     | app.api.api_v1.endpoints.analytics:save_auto_report_settings:57 - Auto-report setting diperbarui oleh adminbe@epsolve.com: period=off, email=
2026-05-06 14:49:17 | INFO     | app.api.api_v1.endpoints.analytics:get_dashboard_summary:70 - Admin adminbe@epsolve.com mengakses Analytics Dashboard (Periode: 3m).
2026-05-06 14:49:20 | INFO     | app.api.api_v1.endpoints.analytics:get_dashboard_summary:70 - Admin adminbe@epsolve.com mengakses Analytics Dashboard (Periode: 3m).
2026-05-06 14:59:54 | INFO     | app.api.api_v1.endpoints.analytics:get_dashboard_summary:70 - Admin adminbe@epsolve.com mengakses Analytics Dashboard (Periode: 3m).
2026-05-06 14:59:57 | INFO     | app.api.api_v1.endpoints.analytics:get_dashboard_summary:70 - Admin adminbe@epsolve.com mengakses Analytics Dashboard (Periode: 3m).
2026-05-06 14:59:58 | INFO     | app.api.api_v1.endpoints.analytics:get_dashboard_summary:70 - Admin adminbe@epsolve.com mengakses Analytics Dashboard (Periode: 7d).
2026-05-06 15:32:02 | INFO     | app.api.api_v1.endpoints.analytics:get_dashboard_summary:70 - Admin adminbe@epsolve.com mengakses Analytics Dashboard (Periode: 3m).
2026-05-06 15:32:05 | INFO     | app.api.api_v1.endpoints.analytics:get_dashboard_summary:70 - Admin adminbe@epsolve.com mengakses Analytics Dashboard (Periode: 3m).
2026-05-06 15:32:06 | INFO     | app.api.api_v1.endpoints.analytics:get_dashboard_summary:70 - Admin adminbe@epsolve.com mengakses Analytics Dashboard (Periode: 7d).
2026-05-06 15:32:19 | INFO     | app.api.api_v1.endpoints.analytics:save_auto_report_settings:57 - Auto-report setting diperbarui oleh adminbe@epsolve.com: period=3m, email=andhikap2323@gmail.com
2026-05-06 15:32:26 | INFO     | app.api.api_v1.endpoints.analytics:save_auto_report_settings:57 - Auto-report setting diperbarui oleh adminbe@epsolve.com: period=off, email=
2026-05-06 15:32:44 | INFO     | app.api.api_v1.endpoints.analytics:get_dashboard_summary:70 - Admin adminbe@epsolve.com mengakses Analytics Dashboard (Periode: 3m).
